INFO:root:The adventure begins 2022-12-23 11:33:09.966040
INFO:root:The adventure begins 2022-12-23 11:33:37.462667
INFO:root:The adventure is bland and ends 2022-12-23 11:33:40.855082
INFO:root:The adventure begins 2022-12-23 11:33:56.537057
INFO:root:You ran into the house 2022-12-23 11:33:59.983518
INFO:root:The adventure ends at the house 2022-12-23 11:34:02.119354
INFO:root:The adventure begins 2023-01-03 08:22:38.902306
INFO:root:You ran into the house 2023-01-03 08:22:43.174478
INFO:root:You run into the villager 2023-01-03 08:22:45.068605
INFO:root:The adventure ends from starvation 2023-01-03 08:22:46.478316
INFO:root:The adventure begins 2023-01-03 08:32:30.417072
INFO:root:The adventure moves towards the dungeon 2023-01-03 08:32:36.940678
INFO:root:You have entered the dungeon 2023-01-03 08:32:39.505882
INFO:root:The adventure begins 2023-01-03 08:44:10.754845
INFO:root:You ran into the house 2023-01-03 08:44:14.258856
INFO:root:You run into the villager 2023-01-03 08:44:17.797897
INFO:root:The adventure begins 2023-01-03 08:44:48.909630
INFO:root:You ran into the house 2023-01-03 08:44:52.617816
INFO:root:You run into the villager 2023-01-03 08:44:54.791184
INFO:root:You win by helping the villager 2023-01-03 08:44:57.340374
INFO:root:The adventure begins 2023-01-03 10:08:18.232445
INFO:root:You ran into the house 2023-01-03 10:08:28.027863
INFO:root:The adventure ends at the house 2023-01-03 10:08:34.045033
